<?xml version="1.0" encoding="UTF-8"?>
<!-- Generated by org.testng.reporters.JUnitXMLReporter -->
<testsuite ignored="0" hostname="LAPTOP-LLBG2SR6" failures="1" tests="1" name="Banking Test" time="9.895" errors="0" timestamp="2022-06-19T09:07:10 IST">
  <testcase classname="com.TestCases.LoginDataDriver_TC02" name="loginDDT" time="0.0">
    <failure type="java.lang.RuntimeException" message="java.lang.NullPointerException: Cannot invoke &amp;quot;org.apache.poi.xssf.usermodel.XSSFSheet.getRow(int)&amp;quot; because &amp;quot;com.Utilitiy.XLUtils.sheet&amp;quot; is null">
      <![CDATA[java.lang.RuntimeException: java.lang.NullPointerException: Cannot invoke "org.apache.poi.xssf.usermodel.XSSFSheet.getRow(int)" because "com.Utilitiy.XLUtils.sheet" is null
at java.base/java.util.ArrayList.forEach(ArrayList.java:1511)
Caused by: java.lang.NullPointerException: Cannot invoke "org.apache.poi.xssf.usermodel.XSSFSheet.getRow(int)" because "com.Utilitiy.XLUtils.sheet" is null
at com.Utilitiy.XLUtils.getCellData(XLUtils.java:58)
at com.TestCases.LoginDataDriver_TC02.getData(LoginDataDriver_TC02.java:87)
... 25 more
... Removed 32 stack frames]]>
    </failure>
  </testcase> <!-- loginDDT -->
</testsuite> <!-- Banking Test -->
